<?xml version="1.0" encoding="UTF-8"?>
<testsuite name="com.example.cloudtest.CloudtestApplicationTests" tests="1" skipped="0" failures="0" errors="0" timestamp="2022-04-08T19:05:57" hostname="Utkarshs-MacBook-Air.local" time="0.619">
  <properties/>
  <testcase name="contextLoads()" classname="com.example.cloudtest.CloudtestApplicationTests" time="0.619"/>
  <system-out><![CDATA[00:35:52.160 [Test worker] DEBUG org.springframework.test.context.BootstrapUtils - Instantiating CacheAwareContextLoaderDelegate from class [org.springframework.test.context.cache.DefaultCacheAwareContextLoaderDelegate]
00:35:52.184 [Test worker] DEBUG org.springframework.test.context.BootstrapUtils - Instantiating BootstrapContext using constructor [public org.springframework.test.context.support.DefaultBootstrapContext(java.lang.Class,org.springframework.test.context.CacheAwareContextLoaderDelegate)]
00:35:52.286 [Test worker] DEBUG org.springframework.test.context.BootstrapUtils - Instantiating TestContextBootstrapper for test class [com.example.cloudtest.CloudtestApplicationTests] from class [org.springframework.boot.test.context.SpringBootTestContextBootstrapper]
00:35:52.304 [Test worker] INFO org.springframework.boot.test.context.SpringBootTestContextBootstrapper - Neither @ContextConfiguration nor @ContextHierarchy found for test class [com.example.cloudtest.CloudtestApplicationTests], using SpringBootContextLoader
00:35:52.309 [Test worker] DEBUG org.springframework.test.context.support.AbstractContextLoader - Did not detect default resource location for test class [com.example.cloudtest.CloudtestApplicationTests]: class path resource [com/example/cloudtest/CloudtestApplicationTests-context.xml] does not exist
00:35:52.310 [Test worker] DEBUG org.springframework.test.context.support.AbstractContextLoader - Did not detect default resource location for test class [com.example.cloudtest.CloudtestApplicationTests]: class path resource [com/example/cloudtest/CloudtestApplicationTestsContext.groovy] does not exist
00:35:52.311 [Test worker] INFO org.springframework.test.context.support.AbstractContextLoader - Could not detect default resource locations for test class [com.example.cloudtest.CloudtestApplicationTests]: no resource found for suffixes {-context.xml, Context.groovy}.
00:35:52.312 [Test worker] INFO org.springframework.test.context.support.AnnotationConfigContextLoaderUtils - Could not detect default configuration classes for test class [com.example.cloudtest.CloudtestApplicationTests]: CloudtestApplicationTests does not declare any static, non-private, non-final, nested classes annotated with @Configuration.
00:35:52.383 [Test worker] DEBUG org.springframework.test.context.support.ActiveProfilesUtils - Could not find an 'annotation declaring class' for annotation type [org.springframework.test.context.ActiveProfiles] and class [com.example.cloudtest.CloudtestApplicationTests]
00:35:52.493 [Test worker] DEBUG org.springframework.context.annotation.ClassPathScanningCandidateComponentProvider - Identified candidate component class: file [/Users/utkarshsingh/Desktop/WorkspaceSpringBoot/cloudtest/build/classes/java/main/com/example/cloudtest/CloudtestApplication.class]
00:35:52.497 [Test worker] INFO org.springframework.boot.test.context.SpringBootTestContextBootstrapper - Found @SpringBootConfiguration com.example.cloudtest.CloudtestApplication for test class com.example.cloudtest.CloudtestApplicationTests
00:35:52.675 [Test worker] DEBUG org.springframework.boot.test.context.SpringBootTestContextBootstrapper - @TestExecutionListeners is not present for class [com.example.cloudtest.CloudtestApplicationTests]: using defaults.
00:35:52.677 [Test worker] INFO org.springframework.boot.test.context.SpringBootTestContextBootstrapper - Loaded default TestExecutionListener class names from location [META-INF/spring.factories]: [org.springframework.boot.test.autoconfigure.restdocs.RestDocsTestExecutionListener, org.springframework.boot.test.autoconfigure.web.client.MockRestServiceServerResetTestExecutionListener, org.springframework.boot.test.autoconfigure.web.servlet.MockMvcPrintOnlyOnFailureTestExecutionListener, org.springframework.boot.test.autoconfigure.web.servlet.WebDriverTestExecutionListener, org.springframework.boot.test.autoconfigure.webservices.client.MockWebServiceServerTestExecutionListener, org.springframework.boot.test.mock.mockito.MockitoTestExecutionListener, org.springframework.boot.test.mock.mockito.ResetMocksTestExecutionListener, org.springframework.test.context.web.ServletTestExecutionListener, org.springframework.test.context.support.DirtiesContextBeforeModesTestExecutionListener, org.springframework.test.context.event.ApplicationEventsTestExecutionListener, org.springframework.test.context.support.DependencyInjectionTestExecutionListener, org.springframework.test.context.support.DirtiesContextTestExecutionListener, org.springframework.test.context.transaction.TransactionalTestExecutionListener, org.springframework.test.context.jdbc.SqlScriptsTestExecutionListener, org.springframework.test.context.event.EventPublishingTestExecutionListener]
00:35:52.691 [Test worker] DEBUG org.springframework.boot.test.context.SpringBootTestContextBootstrapper - Skipping candidate TestExecutionListener [org.springframework.test.context.transaction.TransactionalTestExecutionListener] due to a missing dependency. Specify custom listener classes or make the default listener classes and their required dependencies available. Offending class: [org/springframework/transaction/TransactionDefinition]
00:35:52.692 [Test worker] DEBUG org.springframework.boot.test.context.SpringBootTestContextBootstrapper - Skipping candidate TestExecutionListener [org.springframework.test.context.jdbc.SqlScriptsTestExecutionListener] due to a missing dependency. Specify custom listener classes or make the default listener classes and their required dependencies available. Offending class: [org/springframework/transaction/interceptor/TransactionAttribute]
00:35:52.692 [Test worker] INFO org.springframework.boot.test.context.SpringBootTestContextBootstrapper - Using TestExecutionListeners: [org.springframework.test.context.web.ServletTestExecutionListener@48f5bde6, org.springframework.test.context.support.DirtiesContextBeforeModesTestExecutionListener@525d79f0, org.springframework.test.context.event.ApplicationEventsTestExecutionListener@5149f008, org.springframework.boot.test.mock.mockito.MockitoTestExecutionListener@7072bc39, org.springframework.boot.test.autoconfigure.SpringBootDependencyInjectionTestExecutionListener@158d255c, org.springframework.test.context.support.DirtiesContextTestExecutionListener@2ca65ce4, org.springframework.test.context.event.EventPublishingTestExecutionListener@327120c8, org.springframework.boot.test.autoconfigure.restdocs.RestDocsTestExecutionListener@5707c1cb, org.springframework.boot.test.autoconfigure.web.client.MockRestServiceServerResetTestExecutionListener@2b5cb9b2, org.springframework.boot.test.autoconfigure.web.servlet.MockMvcPrintOnlyOnFailureTestExecutionListener@35038141, org.springframework.boot.test.autoconfigure.web.servlet.WebDriverTestExecutionListener@ecf9049, org.springframework.boot.test.autoconfigure.webservices.client.MockWebServiceServerTestExecutionListener@672f11c2, org.springframework.boot.test.mock.mockito.ResetMocksTestExecutionListener@2970a5bc]
00:35:52.697 [Test worker] DEBUG org.springframework.test.context.support.AbstractDirtiesContextTestExecutionListener - Before test class: context [DefaultTestContext@2449cff7 testClass = CloudtestApplicationTests, testInstance = [null], testMethod = [null], testException = [null], mergedContextConfiguration = [WebMergedContextConfiguration@42a9a63e testClass = CloudtestApplicationTests, locations = '{}', classes = '{class com.example.cloudtest.CloudtestApplication}', contextInitializerClasses = '[]', activeProfiles = '{}', propertySourceLocations = '{}', propertySourceProperties = '{org.springframework.boot.test.context.SpringBootTestContextBootstrapper=true}', contextCustomizers = set[org.springframework.boot.test.autoconfigure.actuate.metrics.MetricsExportContextCustomizerFactory$DisableMetricExportContextCustomizer@47c4ecdc, org.springframework.boot.test.autoconfigure.properties.PropertyMappingContextCustomizer@0, org.springframework.boot.test.autoconfigure.web.servlet.WebDriverContextCustomizerFactory$Customizer@758a34ce, org.springframework.boot.test.context.filter.ExcludeFilterContextCustomizer@5644dc81, org.springframework.boot.test.json.DuplicateJsonObjectContextCustomizerFactory$DuplicateJsonObjectContextCustomizer@4351c8c3, org.springframework.boot.test.mock.mockito.MockitoContextCustomizer@0, org.springframework.boot.test.web.client.TestRestTemplateContextCustomizer@476b0ae6, org.springframework.boot.test.context.SpringBootTestArgs@1, org.springframework.boot.test.context.SpringBootTestWebEnvironment@36804139], resourceBasePath = 'src/main/webapp', contextLoader = 'org.springframework.boot.test.context.SpringBootContextLoader', parent = [null]], attributes = map['org.springframework.test.context.web.ServletTestExecutionListener.activateListener' -> true]], class annotated with @DirtiesContext [false] with mode [null].

  .   ____          _            __ _ _
 /\\ / ___'_ __ _ _(_)_ __  __ _ \ \ \ \
( ( )\___ | '_ | '_| | '_ \/ _` | \ \ \ \
 \\/  ___)| |_)| | | | | || (_| |  ) ) ) )
  '  |____| .__|_| |_|_| |_\__, | / / / /
 =========|_|==============|___/=/_/_/_/
 :: Spring Boot ::                (v2.6.6)

2022-04-09 00:35:53.389  INFO 4610 --- [    Test worker] c.e.cloudtest.CloudtestApplicationTests  : Starting CloudtestApplicationTests using Java 17.0.1 on Utkarshs-MacBook-Air.local with PID 4610 (started by utkarshsingh in /Users/utkarshsingh/Desktop/WorkspaceSpringBoot/cloudtest)
2022-04-09 00:35:53.398  INFO 4610 --- [    Test worker] c.e.cloudtest.CloudtestApplicationTests  : No active profile set, falling back to 1 default profile: "default"
2022-04-09 00:35:56.974  INFO 4610 --- [    Test worker] c.e.cloudtest.CloudtestApplicationTests  : Started CloudtestApplicationTests in 4.179 seconds (JVM running for 6.499)
]]></system-out>
  <system-err><![CDATA[]]></system-err>
</testsuite>
